<?xml version="1.0" encoding="UTF-8"?>
<!-- Generated by org.testng.reporters.JUnitReportReporter -->
<testsuite skipped="0" hostname="Rakyesh-PC" name="multiplication.TC_1" tests="1" failures="0" timestamp="16 Nov 2021 13:45:27 GMT" time="31.135" errors="0">
  <testcase name="f" time="31.135" classname="multiplication.TC_1"/>
</testsuite> <!-- multiplication.TC_1 -->
